0 info it worked if it ends with ok
1 verbose cli [ 'node', '/usr/local/bin/npm', 'version', '2.0.0' ]
2 info using npm@1.4.28
3 info using node@v0.10.32
4 error Error: Git working directory not clean.
4 error M tests/demoTime.js
4 error     at /usr/local/lib/node_modules/npm/lib/version.js:91:33
4 error     at ChildProcess.exithandler (child_process.js:646:7)
4 error     at ChildProcess.emit (events.js:98:17)
4 error     at maybeClose (child_process.js:756:16)
4 error     at Socket.<anonymous> (child_process.js:969:11)
4 error     at Socket.emit (events.js:95:17)
4 error     at Pipe.close (net.js:465:12)
5 error If you need help, you may report this *entire* log,
5 error including the npm and node versions, at:
5 error     <http://github.com/npm/npm/issues>
6 error System Darwin 14.0.0
7 error command "node" "/usr/local/bin/npm" "version" "2.0.0"
8 error cwd /Fidelius/sites/active/johnny-five-oled
9 error node -v v0.10.32
10 error npm -v 1.4.28
11 verbose exit [ 1, true ]
